{"message":"Server 3001 start in 2019-8-18/18:12:12 with origin http://localhost:3000","level":"\u001b[32minfo\u001b[39m"}
{"message":"Start send requset mail from killers199806@gmail.com to gaara33377@gmail.com /2019-8-18/18:12:14","level":"\u001b[32minfo\u001b[39m"}
{"message":"Send Mail status: true","level":"\u001b[32minfo\u001b[39m"}
{"message":"Server 3001 start in 2019-8-18/18:12:56 with origin http://localhost:3000","level":"\u001b[32minfo\u001b[39m"}
{"message":"Start send requset mail from killers199806@gmail.com to gaara33377@gmail.com /2019-8-18/18:12:59","level":"\u001b[32minfo\u001b[39m"}
{"message":"Send Mail status: true","level":"\u001b[32minfo\u001b[39m"}
{"message":"Server 3001 start in 2019-8-18/18:13:16 with origin http://localhost:3000","level":"\u001b[32minfo\u001b[39m"}
{"message":"Server 3001 start in 2019-8-18/18:14:37 with origin http://localhost:3000","level":"\u001b[32minfo\u001b[39m"}
{"message":"Server 3001 start in 2019-8-18/18:32:21 with origin http://localhost:3000","level":"\u001b[32minfo\u001b[39m"}
{"message":"Server 3001 start in 2019-8-18/18:32:31 with origin http://localhost:3000","level":"\u001b[32minfo\u001b[39m"}
{"message":"Server 3001 start in 2019-8-18/18:32:54 with origin http://localhost:3000","level":"\u001b[32minfo\u001b[39m"}
{"message":"Server 3001 start in 2019-8-18/19:58:20 with origin http://localhost:3000","level":"\u001b[32minfo\u001b[39m"}
{"message":"Server 3001 start in 2019-8-19/1:42:9 with origin http://localhost:3000","level":"\u001b[32minfo\u001b[39m"}
{"message":"Server 3001 start in 2019-8-19/1:43:28 with origin http://localhost:3000","level":"\u001b[32minfo\u001b[39m"}
{"message":"Server 3001 start in 2019-8-19/1:44:45 with origin http://localhost:3000","level":"\u001b[32minfo\u001b[39m"}
{"message":"Server 3001 start in 2019-8-19/1:46:44 with origin http://localhost:3000","level":"\u001b[32minfo\u001b[39m"}
{"message":"Server 3001 start in 2019-8-19/1:48:18 with origin http://localhost:3000","level":"\u001b[32minfo\u001b[39m"}
{"message":"Server 3001 start in 2019-8-19/1:50:21 with origin http://localhost:3000","level":"\u001b[32minfo\u001b[39m"}
{"message":"Server 3001 start in 2019-8-19/1:51:17 with origin http://localhost:3000","level":"\u001b[32minfo\u001b[39m"}
{"message":"Server 3001 start in 2019-8-19/1:52:16 with origin http://localhost:3000","level":"\u001b[32minfo\u001b[39m"}
{"message":"Server 3001 start in 2019-8-19/1:59:38 with origin http://localhost:3000","level":"\u001b[32minfo\u001b[39m"}
{"message":"Server 3001 start in 2019-8-19/2:7:5 with origin http://localhost:3000","level":"\u001b[32minfo\u001b[39m"}
{"message":"Server 3001 start in 2019-8-19/2:8:21 with origin http://localhost:3000","level":"\u001b[32minfo\u001b[39m"}
{"message":"Server 3001 start in 2019-8-19/2:13:29 with origin http://localhost:3000","level":"\u001b[32minfo\u001b[39m"}
{"message":"Server 3001 start in 2019-8-19/2:13:33 with origin http://localhost:3000","level":"\u001b[32minfo\u001b[39m"}
{"message":"Server 3001 start in 2019-8-19/2:14:9 with origin http://localhost:3000","level":"\u001b[32minfo\u001b[39m"}
{"message":"Server 3001 start in 2019-8-19/2:14:33 with origin http://localhost:3000","level":"\u001b[32minfo\u001b[39m"}
{"message":"Start send requset mail from gaara33377@gmail.com to gaara33377@gmail.com /2019-8-19/2:17:15","level":"\u001b[32minfo\u001b[39m"}
{"message":"Send Mail status: true","level":"\u001b[32minfo\u001b[39m"}
{"message":"Server 3001 start in 2019-8-19/2:21:10 with origin http://localhost:3000","level":"\u001b[32minfo\u001b[39m"}
{"message":"Server 3001 start in 2019-8-19/2:21:39 with origin http://localhost:3000","level":"\u001b[32minfo\u001b[39m"}
{"message":"Server 3001 start in 2019-8-19/2:22:9 with origin http://localhost:3000","level":"\u001b[32minfo\u001b[39m"}
{"message":"Start send requset mail from gaara33377@gmail.com to gaara33377@gmail.com /2019-8-19/2:22:46","level":"\u001b[32minfo\u001b[39m"}
{"message":"Send Mail status: true","level":"\u001b[32minfo\u001b[39m"}
{"message":"Server 3001 start in 2019-8-19/2:26:35 with origin http://localhost:3000","level":"\u001b[32minfo\u001b[39m"}
{"message":"Server 3001 start in 2019-8-19/2:26:45 with origin http://localhost:3000","level":"\u001b[32minfo\u001b[39m"}
{"message":"Server 3001 start in 2019-8-19/2:27:32 with origin http://localhost:3000","level":"\u001b[32minfo\u001b[39m"}
{"message":"Server 3001 start in 2019-8-19/2:28:25 with origin http://localhost:3000","level":"\u001b[32minfo\u001b[39m"}
{"message":"Server 3001 start in 2019-8-19/2:30:32 with origin http://localhost:3000","level":"\u001b[32minfo\u001b[39m"}
{"message":"Server 3001 start in 2019-8-19/2:32:16 with origin http://localhost:3000","level":"\u001b[32minfo\u001b[39m"}
{"message":"Server 3001 start in 2019-8-19/2:32:42 with origin http://localhost:3000","level":"\u001b[32minfo\u001b[39m"}
{"message":"Server 3001 start in 2019-8-19/2:32:48 with origin http://localhost:3000","level":"\u001b[32minfo\u001b[39m"}
{"message":"Server 3001 start in 2019-8-19/2:33:49 with origin http://localhost:3000","level":"\u001b[32minfo\u001b[39m"}
{"message":"Server 3001 start in 2019-8-19/2:34:23 with origin http://localhost:3000","level":"\u001b[32minfo\u001b[39m"}
{"message":"Server 3001 start in 2019-8-19/2:37:12 with origin http://localhost:3000","level":"\u001b[32minfo\u001b[39m"}
{"message":"Server 3001 start in 2019-8-19/2:38:35 with origin http://localhost:3000","level":"\u001b[32minfo\u001b[39m"}
{"message":"Server 3001 start in 2019-8-19/2:38:43 with origin http://localhost:3000","level":"\u001b[32minfo\u001b[39m"}
{"message":"Server 3001 start in 2019-8-19/2:38:49 with origin http://localhost:3000","level":"\u001b[32minfo\u001b[39m"}
{"message":"Server 3001 start in 2019-8-19/2:39:1 with origin http://localhost:3000","level":"\u001b[32minfo\u001b[39m"}
{"message":"Server 3001 start in 2019-8-19/2:39:17 with origin http://localhost:3000","level":"\u001b[32minfo\u001b[39m"}
{"message":"Server 3001 start in 2019-8-19/2:39:40 with origin http://localhost:3000","level":"\u001b[32minfo\u001b[39m"}
{"message":"Server 3001 start in 2019-8-19/2:40:26 with origin http://localhost:3000","level":"\u001b[32minfo\u001b[39m"}
{"message":"Server 3001 start in 2019-8-19/2:40:51 with origin http://localhost:3000","level":"\u001b[32minfo\u001b[39m"}
{"message":"Server 3001 start in 2019-8-19/2:41:17 with origin http://localhost:3000","level":"\u001b[32minfo\u001b[39m"}
{"message":"Server 3001 start in 2019-8-19/2:42:22 with origin http://localhost:3000","level":"\u001b[32minfo\u001b[39m"}
{"message":"Server 3001 start in 2019-8-19/2:42:24 with origin http://localhost:3000","level":"\u001b[32minfo\u001b[39m"}
{"message":"Server 3001 start in 2019-8-19/2:43:33 with origin http://localhost:3000","level":"\u001b[32minfo\u001b[39m"}
{"message":"Server 3001 start in 2019-8-19/2:43:39 with origin http://localhost:3000","level":"\u001b[32minfo\u001b[39m"}
{"message":"Server 3001 start in 2019-8-19/2:47:14 with origin http://localhost:3000","level":"\u001b[32minfo\u001b[39m"}
{"message":"Server 3001 start in 2019-8-19/2:48:24 with origin http://localhost:3000","level":"\u001b[32minfo\u001b[39m"}
{"message":"Server 3001 start in 2019-8-19/2:49:29 with origin http://localhost:3000","level":"\u001b[32minfo\u001b[39m"}
{"message":"Server 3001 start in 2019-8-19/3:5:13 with origin http://localhost:3000","level":"\u001b[32minfo\u001b[39m"}
{"message":"Server 3001 start in 2019-8-19/3:32:4 with origin http://localhost:3000","level":"\u001b[32minfo\u001b[39m"}
{"message":"Server 3001 start in 2019-8-19/3:32:51 with origin http://localhost:3000","level":"\u001b[32minfo\u001b[39m"}
{"message":"Server 3001 start in 2019-8-19/3:36:52 with origin http://localhost:3000","level":"\u001b[32minfo\u001b[39m"}
{"message":"Server 3001 start in 2019-8-19/3:39:27 with origin http://localhost:3000","level":"\u001b[32minfo\u001b[39m"}
{"message":"Server 3001 start in 2019-8-19/11:7:58 with origin http://localhost:3000","level":"\u001b[32minfo\u001b[39m"}
{"message":"Server 3001 start in 2019-8-19/11:8:57 with origin http://localhost:3000","level":"\u001b[32minfo\u001b[39m"}
{"message":"Server 3001 start in 2019-8-19/11:24:51 with origin http://localhost:3000","level":"\u001b[32minfo\u001b[39m"}
{"message":"Server 3001 start in 2019-8-19/11:27:31 with origin http://localhost:3000","level":"\u001b[32minfo\u001b[39m"}
{"message":"Server 3001 start in 2019-8-19/11:27:54 with origin http://localhost:3000","level":"\u001b[32minfo\u001b[39m"}
{"message":"Server 3001 start in 2019-8-19/11:28:30 with origin http://localhost:3000","level":"\u001b[32minfo\u001b[39m"}
{"message":"Server 3001 start in 2019-8-19/11:36:20 with origin http://localhost:3000","level":"\u001b[32minfo\u001b[39m"}
{"message":"Server 3001 start in 2019-8-19/11:38:1 with origin http://localhost:3000","level":"\u001b[32minfo\u001b[39m"}
{"message":"Server 3001 start in 2019-8-19/11:41:24 with origin http://localhost:3000","level":"\u001b[32minfo\u001b[39m"}
{"message":"Server 3001 start in 2019-8-19/11:49:32 with origin http://localhost:3000","level":"\u001b[32minfo\u001b[39m"}
{"message":"Server 3001 start in 2019-8-19/11:51:35 with origin http://localhost:3000","level":"\u001b[32minfo\u001b[39m"}
{"message":"Server 3001 start in 2019-8-19/11:51:40 with origin http://localhost:3000","level":"\u001b[32minfo\u001b[39m"}
{"message":"Server 3001 start in 2019-8-19/11:52:11 with origin http://localhost:3000","level":"\u001b[32minfo\u001b[39m"}
{"message":"Server 3001 start in 2019-8-19/11:52:28 with origin http://localhost:3000","level":"\u001b[32minfo\u001b[39m"}
{"message":"Server 3001 start in 2019-8-19/11:55:49 with origin http://localhost:3000","level":"\u001b[32minfo\u001b[39m"}
{"message":"Server 3001 start in 2019-8-19/11:56:18 with origin http://localhost:3000/","level":"\u001b[32minfo\u001b[39m"}
{"message":"Server 3001 start in 2019-8-19/11:56:53 with origin http://localhost:3000/","level":"\u001b[32minfo\u001b[39m"}
{"message":"Server 3001 start in 2019-8-19/11:57:11 with origin http://localhost:3000/","level":"\u001b[32minfo\u001b[39m"}
{"message":"Server 3001 start in 2019-8-19/11:57:24 with origin http://localhost:3000/","level":"\u001b[32minfo\u001b[39m"}
{"message":"Server 3001 start in 2019-8-19/11:57:31 with origin http://localhost:3000/","level":"\u001b[32minfo\u001b[39m"}
{"message":"Server 3001 start in 2019-8-19/11:58:3 with origin http://localhost:3000/","level":"\u001b[32minfo\u001b[39m"}
{"message":"Server 3001 start in 2019-8-19/11:58:17 with origin http://localhost:3000/","level":"\u001b[32minfo\u001b[39m"}
{"message":"Server 3001 start in 2019-8-19/11:58:47 with origin http://localhost:3000/","level":"\u001b[32minfo\u001b[39m"}
{"message":"Server 3001 start in 2019-8-19/11:59:19 with origin http://localhost:3000/","level":"\u001b[32minfo\u001b[39m"}
{"message":"Server 3001 start in 2019-8-19/12:4:6 with origin http://localhost:3000/","level":"\u001b[32minfo\u001b[39m"}
{"message":"Server 3001 start in 2019-8-19/12:4:32 with origin http://localhost:3000/","level":"\u001b[32minfo\u001b[39m"}
{"message":"Server 3001 start in 2019-8-19/12:6:10 with origin http://localhost:3000/","level":"\u001b[32minfo\u001b[39m"}
{"message":"Server 3001 start in 2019-8-19/12:7:56 with origin http://localhost:3000/","level":"\u001b[32minfo\u001b[39m"}
{"message":"Server 3001 start in 2019-8-19/12:8:21 with origin http://localhost:3000/","level":"\u001b[32minfo\u001b[39m"}
{"message":"Server 3001 start in 2019-8-19/12:10:34 with origin http://localhost:3000/","level":"\u001b[32minfo\u001b[39m"}
{"message":"Server 3001 start in 2019-8-19/12:10:53 with origin http://localhost:3000/","level":"\u001b[32minfo\u001b[39m"}
{"message":"Server 3001 start in 2019-8-19/12:11:21 with origin http://localhost:3000/","level":"\u001b[32minfo\u001b[39m"}
{"message":"Server 3001 start in 2019-8-19/12:30:31 with origin http://localhost:3000/","level":"\u001b[32minfo\u001b[39m"}
{"message":"Server 3001 start in 2019-8-19/12:31:0 with origin http://localhost:3000/","level":"\u001b[32minfo\u001b[39m"}
{"message":"Server 3001 start in 2019-8-19/12:32:8 with origin http://localhost:3000/","level":"\u001b[32minfo\u001b[39m"}
{"message":"Server 3001 start in 2019-8-19/12:33:5 with origin http://localhost:3000/","level":"\u001b[32minfo\u001b[39m"}
{"message":"Server 3001 start in 2019-8-19/12:33:9 with origin http://localhost:3000/","level":"\u001b[32minfo\u001b[39m"}
{"message":"Server 3001 start in 2019-8-19/12:37:9 with origin http://localhost:3000/","level":"\u001b[32minfo\u001b[39m"}
{"message":"Server 3001 start in 2019-8-19/12:37:15 with origin http://localhost:3000/","level":"\u001b[32minfo\u001b[39m"}
{"message":"Server 3001 start in 2019-8-19/12:38:17 with origin http://localhost:3000/","level":"\u001b[32minfo\u001b[39m"}
{"message":"Server 3001 start in 2019-8-19/12:39:5 with origin http://localhost:3000/","level":"\u001b[32minfo\u001b[39m"}
{"message":"Server 3001 start in 2019-8-19/12:43:35 with origin http://localhost:3000/","level":"\u001b[32minfo\u001b[39m"}
{"message":"Server 3001 start in 2019-8-19/12:47:5 with origin http://localhost:3000/","level":"\u001b[32minfo\u001b[39m"}
{"message":"Server 3001 start in 2019-8-19/12:47:45 with origin http://localhost:3000/","level":"\u001b[32minfo\u001b[39m"}
{"message":"Server 3001 start in 2019-8-19/12:48:39 with origin http://localhost:3000/","level":"\u001b[32minfo\u001b[39m"}
{"message":"Server 3001 start in 2019-8-19/12:49:20 with origin http://localhost:3000/","level":"\u001b[32minfo\u001b[39m"}
{"message":"Server 3001 start in 2019-8-19/12:50:30 with origin http://localhost:3000/","level":"\u001b[32minfo\u001b[39m"}
{"message":"Server 3001 start in 2019-8-19/12:53:31 with origin http://localhost:3000/","level":"\u001b[32minfo\u001b[39m"}
{"message":"Server 3001 start in 2019-8-19/12:57:47 with origin http://localhost:3000/","level":"\u001b[32minfo\u001b[39m"}
{"message":"Server 3001 start in 2019-8-19/12:58:10 with origin http://localhost:3000/","level":"\u001b[32minfo\u001b[39m"}
{"message":"Server 3001 start in 2019-8-19/12:58:31 with origin http://localhost:3000/","level":"\u001b[32minfo\u001b[39m"}
{"message":"Server 3001 start in 2019-8-19/13:1:20 with origin http://localhost:3000/","level":"\u001b[32minfo\u001b[39m"}
{"message":"Server 3001 start in 2019-8-19/13:24:20 with origin https://themafia98.github.io/","level":"\u001b[32minfo\u001b[39m"}
{"message":"Server 3001 start in 2019-8-19/13:24:42 with origin http://localhost:3000/","level":"\u001b[32minfo\u001b[39m"}
{"message":"Start send feedback mail from killers199806@gmail.com to gaara33377@gmail.com /2019-8-19/13:25:52","level":"\u001b[32minfo\u001b[39m"}
{"message":"Send Mail status: true","level":"\u001b[32minfo\u001b[39m"}
{"message":"Server 3001 start in 2019-8-19/13:27:7 with origin http://localhost:3000/","level":"\u001b[32minfo\u001b[39m"}
{"message":"Server 3001 start in 2019-8-19/13:27:23 with origin http://localhost:3000/","level":"\u001b[32minfo\u001b[39m"}
{"message":"Server 3001 start in 2019-8-19/13:29:1 with origin http://localhost:3000/","level":"\u001b[32minfo\u001b[39m"}
{"message":"Server 3001 start in 2019-8-19/13:29:49 with origin http://localhost:3000/","level":"\u001b[32minfo\u001b[39m"}
{"message":"Server 3001 start in 2019-8-19/13:31:34 with origin http://localhost:3000/","level":"\u001b[32minfo\u001b[39m"}
{"message":"Server 3001 start in 2019-8-19/13:34:52 with origin http://localhost:3000/","level":"\u001b[32minfo\u001b[39m"}
{"message":"Server 3001 start in 2019-8-19/13:34:56 with origin http://localhost:3000/","level":"\u001b[32minfo\u001b[39m"}
{"message":"Server 3001 start in 2019-8-19/13:34:59 with origin http://localhost:3000/","level":"\u001b[32minfo\u001b[39m"}
{"message":"Server 3001 start in 2019-8-19/13:35:18 with origin http://localhost:3000/","level":"\u001b[32minfo\u001b[39m"}
{"message":"Server 3001 start in 2019-8-19/13:35:34 with origin http://localhost:3000/","level":"\u001b[32minfo\u001b[39m"}
{"message":"Server 3001 start in 2019-8-19/13:35:37 with origin http://localhost:3000/","level":"\u001b[32minfo\u001b[39m"}
{"message":"Server 3001 start in 2019-8-19/13:36:10 with origin http://localhost:3000/","level":"\u001b[32minfo\u001b[39m"}
{"message":"Server 3001 start in 2019-8-19/13:36:18 with origin http://localhost:3000/","level":"\u001b[32minfo\u001b[39m"}
{"message":"Server 3001 start in 2019-8-19/13:36:26 with origin http://localhost:3000/","level":"\u001b[32minfo\u001b[39m"}
{"message":"Server 3001 start in 2019-8-19/13:36:30 with origin http://localhost:3000/","level":"\u001b[32minfo\u001b[39m"}
{"message":"Server 3001 start in 2019-8-19/13:37:4 with origin http://localhost:3000/","level":"\u001b[32minfo\u001b[39m"}
{"message":"Server 3001 start in 2019-8-19/14:12:37 with origin http://localhost:3000/","level":"\u001b[32minfo\u001b[39m"}
{"message":"Server 3001 start in 2019-8-19/14:48:4 with origin http://localhost:3000/","level":"\u001b[32minfo\u001b[39m"}
{"message":"Server 3001 start in 2019-8-20/12:10:50 with origin http://localhost:3000/","level":"\u001b[32minfo\u001b[39m"}
{"message":"Start send requset mail from killers199806@gmail.com to gaara33377@gmail.com /2019-8-20/13:18:3","level":"\u001b[32minfo\u001b[39m"}
{"message":"Send Mail status: true","level":"\u001b[32minfo\u001b[39m"}
{"message":"Start send requset mail from killers199806@gmail.com to gaara33377@gmail.com /2019-8-20/13:28:49","level":"\u001b[32minfo\u001b[39m"}
{"message":"Send Mail status: true","level":"\u001b[32minfo\u001b[39m"}
{"message":"Server 3001 start in 2019-8-20/13:30:37 with origin http://localhost:3000/","level":"\u001b[32minfo\u001b[39m"}
{"message":"Start send requset mail from killers199806@gmail.com to gaara33377@gmail.com /2019-8-20/13:30:39","level":"\u001b[32minfo\u001b[39m"}
{"message":"Send Mail status: false","level":"\u001b[32minfo\u001b[39m"}
{"message":"Server 3001 start in 2019-8-20/13:31:13 with origin http://localhost:3000/","level":"\u001b[32minfo\u001b[39m"}
{"message":"Server 3001 start in 2019-8-20/17:23:1 with origin http://localhost:3000/","level":"\u001b[32minfo\u001b[39m"}
{"message":"Server 3001 start in 2019-8-20/17:23:36 with origin http://localhost:3000/","level":"\u001b[32minfo\u001b[39m"}
{"message":"Server 3001 start in 2019-8-20/17:23:59 with origin http://localhost:3000/","level":"\u001b[32minfo\u001b[39m"}
{"message":"Server 3001 start in 2019-8-20/17:25:16 with origin http://localhost:3000/","level":"\u001b[32minfo\u001b[39m"}
{"message":"Server 3001 start in 2019-8-20/17:27:33 with origin http://localhost:3000/","level":"\u001b[32minfo\u001b[39m"}
{"message":"Server 3001 start in 2019-8-20/17:27:36 with origin http://localhost:3000/","level":"\u001b[32minfo\u001b[39m"}
{"message":"Server 3001 start in 2019-8-20/17:28:42 with origin http://localhost:3000/","level":"\u001b[32minfo\u001b[39m"}
{"message":"Server 3001 start in 2019-8-20/17:29:30 with origin http://localhost:3000/","level":"\u001b[32minfo\u001b[39m"}
{"message":"Server 3001 start in 2019-8-20/17:30:23 with origin http://localhost:3000/","level":"\u001b[32minfo\u001b[39m"}
{"message":"Server 3001 start in 2019-8-20/17:32:3 with origin http://localhost:3000/","level":"\u001b[32minfo\u001b[39m"}
{"message":"Server 3001 start in 2019-8-20/17:34:7 with origin http://localhost:3000/","level":"\u001b[32minfo\u001b[39m"}
{"message":"Server 3001 start in 2019-8-20/17:35:12 with origin http://localhost:3000/","level":"\u001b[32minfo\u001b[39m"}
{"message":"Server 3001 start in 2019-8-20/17:36:22 with origin http://localhost:3000/","level":"\u001b[32minfo\u001b[39m"}
{"message":"Server 3001 start in 2019-8-20/17:36:44 with origin http://localhost:3000/","level":"\u001b[32minfo\u001b[39m"}
{"message":"Server 3001 start in 2019-8-20/17:37:9 with origin http://localhost:3000/","level":"\u001b[32minfo\u001b[39m"}
{"message":"Server 3001 start in 2019-8-20/17:45:4 with origin http://localhost:3000/","level":"\u001b[32minfo\u001b[39m"}
{"message":"Server 3001 start in 2019-8-20/17:45:18 with origin http://localhost:3000/","level":"\u001b[32minfo\u001b[39m"}
{"message":"Server 3001 start in 2019-8-20/17:47:3 with origin http://localhost:3000/","level":"\u001b[32minfo\u001b[39m"}
{"message":"Server 3001 start in 2019-8-20/17:47:26 with origin http://localhost:3000/","level":"\u001b[32minfo\u001b[39m"}
{"message":"Server 3001 start in 2019-8-20/17:51:3 with origin http://localhost:3000/","level":"\u001b[32minfo\u001b[39m"}
{"message":"Server 3001 start in 2019-8-20/17:52:4 with origin http://localhost:3000/","level":"\u001b[32minfo\u001b[39m"}
{"message":"Server 3001 start in 2019-8-20/17:54:46 with origin http://localhost:3000/","level":"\u001b[32minfo\u001b[39m"}
{"message":"Start send feedback mail from killers199806@gmail.com to  /2019-8-20/17:55:16","level":"\u001b[32minfo\u001b[39m"}
{"message":"Send Mail status: false","level":"\u001b[32minfo\u001b[39m"}
{"message":"Server 3001 start in 2019-8-20/17:56:55 with origin http://localhost:3000/","level":"\u001b[32minfo\u001b[39m"}
{"message":"Server 3001 start in 2019-8-20/17:59:23 with origin http://localhost:3000/","level":"\u001b[32minfo\u001b[39m"}
{"message":"Server 3001 start in 2019-8-20/17:59:37 with origin http://localhost:3000/","level":"\u001b[32minfo\u001b[39m"}
{"message":"Server 3001 start in 2019-8-20/18:1:37 with origin http://localhost:3000/","level":"\u001b[32minfo\u001b[39m"}
{"message":"Server 3001 start in 2019-8-20/18:3:24 with origin http://localhost:3000/","level":"\u001b[32minfo\u001b[39m"}
{"message":"Server 3001 start in 2019-8-20/18:3:30 with origin http://localhost:3000/","level":"\u001b[32minfo\u001b[39m"}
{"message":"false","level":"\u001b[32minfo\u001b[39m"}
{"message":"Server 3001 start in 2019-8-20/18:17:37 with origin http://localhost:3000/","level":"\u001b[32minfo\u001b[39m"}
{"message":"false","level":"\u001b[32minfo\u001b[39m"}
{"message":"Server 3001 start in 2019-8-20/18:18:10 with origin http://localhost:3000/","level":"\u001b[32minfo\u001b[39m"}
{"message":"false","level":"\u001b[32minfo\u001b[39m"}
{"message":"Server 3001 start in 2019-8-20/18:19:17 with origin http://localhost:3000/","level":"\u001b[32minfo\u001b[39m"}
{"message":"false","level":"\u001b[32minfo\u001b[39m"}
{"message":"Server 3001 start in 2019-8-20/18:19:25 with origin http://localhost:3000/","level":"\u001b[32minfo\u001b[39m"}
{"message":"false","level":"\u001b[32minfo\u001b[39m"}
{"message":"Server 3001 start in 2019-8-20/18:19:44 with origin http://localhost:3000/","level":"\u001b[32minfo\u001b[39m"}
{"message":"false","level":"\u001b[32minfo\u001b[39m"}
{"message":"Server 3001 start in 2019-8-20/18:21:52 with origin http://localhost:3000/","level":"\u001b[32minfo\u001b[39m"}
{"message":"false","level":"\u001b[32minfo\u001b[39m"}
{"message":"Server 3001 start in 2019-8-20/18:22:29 with origin http://localhost:3000/","level":"\u001b[32minfo\u001b[39m"}
{"message":"false","level":"\u001b[32minfo\u001b[39m"}
{"message":"Server 3001 start in 2019-8-20/18:22:47 with origin http://localhost:3000/","level":"\u001b[32minfo\u001b[39m"}
{"message":"false","level":"\u001b[32minfo\u001b[39m"}
{"message":"Server 3001 start in 2019-8-20/18:22:59 with origin http://localhost:3000/","level":"\u001b[32minfo\u001b[39m"}
{"message":"true","level":"\u001b[32minfo\u001b[39m"}
{"message":"Server 3001 start in 2019-8-20/18:23:6 with origin http://localhost:3000/","level":"\u001b[32minfo\u001b[39m"}
{"message":"false","level":"\u001b[32minfo\u001b[39m"}
{"message":"Server 3001 start in 2019-8-20/18:24:14 with origin http://localhost:3000/","level":"\u001b[32minfo\u001b[39m"}
{"message":"false","level":"\u001b[32minfo\u001b[39m"}
{"message":"Server 3001 start in 2019-8-20/18:26:19 with origin http://localhost:3000/","level":"\u001b[32minfo\u001b[39m"}
{"message":"Server 3001 start in 2019-8-20/18:26:37 with origin http://localhost:3000/","level":"\u001b[32minfo\u001b[39m"}
