{"message":"Cannot set headers after they are sent to the client / 1566141135769","level":"\u001b[31merror\u001b[39m"}
{"message":"Not allowed by CORS","level":"\u001b[31merror\u001b[39m"}
{"message":"Not allowed by CORS","level":"\u001b[31merror\u001b[39m"}
{"message":"Not allowed by CORS","level":"\u001b[31merror\u001b[39m"}
{"message":"Not allowed by CORS","level":"\u001b[31merror\u001b[39m"}
{"message":"Not allowed by CORS","level":"\u001b[31merror\u001b[39m"}
{"message":"Not allowed by CORS / 2019-8-19/2:48:26","level":"\u001b[31merror\u001b[39m"}
{"message":"Not allowed by CORS / 2019-8-19/2:48:26","level":"\u001b[31merror\u001b[39m"}
{"message":"Not allowed by CORS / 2019-8-19/2:59:28","level":"\u001b[31merror\u001b[39m"}
{"message":"Not allowed by CORS / 2019-8-19/2:59:29","level":"\u001b[31merror\u001b[39m"}
{"message":"ENOENT: no such file or directory, open 'C:\\Dev\\Frontend\\crm-react-app\\server\\data\\poli1cy.txt'","level":"\u001b[31merror\u001b[39m"}
{"message":"ENOENT: no such file or directory, open 'C:\\Dev\\Frontend\\crm-react-app\\server\\data\\poli1cy.txt'","level":"\u001b[31merror\u001b[39m"}
{"message":"Not allowed by CORS / 2019-8-19/11:57:33","level":"\u001b[31merror\u001b[39m"}
{"message":"Not allowed by CORS / 2019-8-19/11:57:34","level":"\u001b[31merror\u001b[39m"}
{"message":"Not allowed by CORS / 2019-8-19/11:58:3","level":"\u001b[31merror\u001b[39m"}
{"message":"Not allowed by CORS / 2019-8-19/11:58:4","level":"\u001b[31merror\u001b[39m"}
{"message":"Not allowed by CORS / 2019-8-19/11:58:17","level":"\u001b[31merror\u001b[39m"}
{"message":"Not allowed by CORS / 2019-8-19/11:58:18","level":"\u001b[31merror\u001b[39m"}
{"message":"undefined / 2019-8-19/12:50:32","level":"\u001b[31merror\u001b[39m"}
{"message":"undefined / 2019-8-19/12:53:38","level":"\u001b[31merror\u001b[39m"}
{"message":"Invalid login: 535-5.7.8 Username and Password not accepted. Learn more at\n535 5.7.8  https://support.google.com/mail/?p=BadCredentials l15sm14109441wru.56 - gsmtp / 1566297039301","level":"\u001b[31merror\u001b[39m"}
{"message":"Missing credentials for \"PLAIN\" / 1566312920179","level":"\u001b[31merror\u001b[39m"}
{"message":"ENOENT: no such file or directory, open 'C:\\Dev\\Frontend\\crm-react-app\\server\\src\\data\\services\\autoAbout.txt'","level":"\u001b[31merror\u001b[39m"}
{"message":"ENOENT: no such file or directory, open 'C:\\Dev\\Frontend\\crm-react-app\\server\\src\\data\\services\\amoCRMAbout.txt'","level":"\u001b[31merror\u001b[39m"}
{"message":"ENOENT: no such file or directory, open 'C:\\Dev\\Frontend\\crm-react-app\\server\\src\\data\\services\\retailCRMAbout.txt'","level":"\u001b[31merror\u001b[39m"}
{"message":"ENOENT: no such file or directory, open 'C:\\Dev\\Frontend\\crm-react-app\\server\\src\\data\\services\\amoCRMAbout.txt'","level":"\u001b[31merror\u001b[39m"}
